<?xml version="1.0" encoding="UTF-8"?>
<!-- Generated by org.testng.reporters.JUnitReportReporter -->
<testsuite hostname="DESKTOP-D5QRMRM" failures="0" tests="1" name="tests.Test3" time="21.491" errors="0" timestamp="30 Aug 2019 07:33:17 GMT" skipped="0">
  <testcase classname="tests.Test3" name="test3" time="21.491"/>
</testsuite> <!-- tests.Test3 -->
