<?xml version="1.0" encoding="UTF-8"?>
<!-- Generated by org.testng.reporters.JUnitReportReporter -->
<testsuite hostname="DESKTOP-D5QRMRM" failures="0" tests="1" name="tests.Test6" time="7.456" errors="0" timestamp="30 Aug 2019 12:27:00 GMT" skipped="0">
  <testcase classname="tests.Test6" name="test6" time="7.456"/>
</testsuite> <!-- tests.Test6 -->
