<?xml version="1.0" encoding="UTF-8"?>
<!-- Generated by org.testng.reporters.JUnitReportReporter -->
<testsuite hostname="DESKTOP-D5QRMRM" failures="0" tests="1" name="tests.Test8" time="54.325" errors="0" timestamp="31 Aug 2019 19:08:08 GMT" skipped="0">
  <testcase classname="tests.Test8" name="test8" time="54.325"/>
</testsuite> <!-- tests.Test8 -->
