<?xml version="1.0" encoding="UTF-8"?>
<!-- Generated by org.testng.reporters.JUnitReportReporter -->
<testsuite hostname="DESKTOP-D5QRMRM" failures="0" tests="1" name="tests.Test1" time="128.633" errors="0" timestamp="30 Aug 2019 18:02:37 GMT" skipped="0">
  <testcase classname="tests.Test1" name="test1" time="128.633"/>
</testsuite> <!-- tests.Test1 -->
