<?xml version="1.0" encoding="UTF-8"?>
<!-- Generated by org.testng.reporters.JUnitReportReporter -->
<testsuite hostname="DESKTOP-D5QRMRM" failures="0" tests="1" name="tests.Test5" time="7.435" errors="0" timestamp="30 Aug 2019 16:46:28 GMT" skipped="0">
  <testcase classname="tests.Test5" name="test5" time="7.435"/>
</testsuite> <!-- tests.Test5 -->
