<?xml version="1.0" encoding="UTF-8"?>
<!-- Generated by org.testng.reporters.JUnitReportReporter -->
<testsuite hostname="DESKTOP-D5QRMRM" failures="0" tests="1" name="tests.Test2" time="11.698" errors="0" timestamp="30 Aug 2019 14:39:27 GMT" skipped="0">
  <testcase classname="tests.Test2" name="test2" time="11.698"/>
</testsuite> <!-- tests.Test2 -->
