<?xml version="1.0" encoding="UTF-8"?>
<!-- Generated by org.testng.reporters.JUnitReportReporter -->
<testsuite hostname="DESKTOP-D5QRMRM" failures="0" tests="1" name="tests.Test4" time="19.631" errors="0" timestamp="30 Aug 2019 16:28:41 GMT" skipped="0">
  <testcase classname="tests.Test4" name="test4" time="19.631"/>
</testsuite> <!-- tests.Test4 -->
